TN:
SF:autme.js
FN:4,(anonymous_0)
FN:13,(anonymous_1)
FN:22,(anonymous_2)
FN:32,(anonymous_3)
FNF:4
FNH:4
FNDA:2,(anonymous_0)
FNDA:3,(anonymous_1)
FNDA:3,(anonymous_2)
FNDA:2,(anonymous_3)
DA:1,1
DA:2,1
DA:4,1
DA:5,2
DA:6,1
DA:8,1
DA:13,1
DA:14,3
DA:15,2
DA:18,1
DA:22,1
DA:23,3
DA:24,1
DA:25,2
DA:26,1
DA:28,1
DA:32,1
DA:33,2
DA:34,1
DA:35,1
DA:36,1
DA:38,0
LF:22
LH:21
BRDA:5,0,0,1
BRDA:5,0,1,1
BRDA:14,1,0,2
BRDA:14,1,1,1
BRDA:23,2,0,1
BRDA:23,2,1,2
BRDA:25,3,0,1
BRDA:25,3,1,1
BRDA:25,4,0,2
BRDA:25,4,1,2
BRDA:33,5,0,1
BRDA:33,5,1,1
BRDA:35,6,0,1
BRDA:35,6,1,0
BRF:14
BRH:13
end_of_record
