{"C:\\Users\\luisp\\Desktop\\Testes AutMe\\Integration Tests\\Database\\calls\\database_call_diaries.js": {"path":"C:\\Users\\luisp\\Desktop\\Testes AutMe\\Integration Tests\\Database\\calls\\database_call_diaries.js","statementMap":{"0":{"start":{"line":1,"column":11},"end":{"line":1,"column":31}},"1":{"start":{"line":2,"column":14},"end":{"line":2,"column":22}},"2":{"start":{"line":5,"column":0},"end":{"line":12,"column":2}},"3":{"start":{"line":6,"column":4},"end":{"line":11,"column":5}},"4":{"start":{"line":7,"column":25},"end":{"line":7,"column":46}},"5":{"start":{"line":8,"column":8},"end":{"line":8,"column":24}},"6":{"start":{"line":10,"column":8},"end":{"line":10,"column":29}},"7":{"start":{"line":25,"column":0},"end":{"line":32,"column":1}},"8":{"start":{"line":26,"column":4},"end":{"line":31,"column":5}},"9":{"start":{"line":27,"column":25},"end":{"line":27,"column":53}},"10":{"start":{"line":28,"column":8},"end":{"line":28,"column":26}},"11":{"start":{"line":30,"column":8},"end":{"line":30,"column":29}}},"fnMap":{"0":{"name":"(anonymous_0)","decl":{"start":{"line":5,"column":24},"end":{"line":5,"column":25}},"loc":{"start":{"line":5,"column":42},"end":{"line":12,"column":1}},"line":5},"1":{"name":"(anonymous_1)","decl":{"start":{"line":25,"column":22},"end":{"line":25,"column":23}},"loc":{"start":{"line":25,"column":41},"end":{"line":32,"column":1}},"line":25}},"branchMap":{},"s":{"0":1,"1":1,"2":1,"3":1,"4":1,"5":1,"6":0,"7":1,"8":1,"9":1,"10":0,"11":1},"f":{"0":1,"1":1},"b":{},"_coverageSchema":"1a1c01bbd47fc00a2c39e90264f33305004495a9","hash":"3bae9b72a752bfe853777556544aa55d4b72c700"}
,"C:\\Users\\luisp\\Desktop\\Testes AutMe\\Integration Tests\\Database\\calls\\database_call_images.js": {"path":"C:\\Users\\luisp\\Desktop\\Testes AutMe\\Integration Tests\\Database\\calls\\database_call_images.js","statementMap":{"0":{"start":{"line":1,"column":11},"end":{"line":1,"column":31}},"1":{"start":{"line":2,"column":14},"end":{"line":2,"column":22}},"2":{"start":{"line":5,"column":0},"end":{"line":12,"column":2}},"3":{"start":{"line":6,"column":4},"end":{"line":11,"column":5}},"4":{"start":{"line":7,"column":25},"end":{"line":7,"column":46}},"5":{"start":{"line":8,"column":8},"end":{"line":8,"column":24}},"6":{"start":{"line":10,"column":8},"end":{"line":10,"column":29}}},"fnMap":{"0":{"name":"(anonymous_0)","decl":{"start":{"line":5,"column":23},"end":{"line":5,"column":24}},"loc":{"start":{"line":5,"column":41},"end":{"line":12,"column":1}},"line":5}},"branchMap":{},"s":{"0":1,"1":1,"2":1,"3":1,"4":1,"5":1,"6":0},"f":{"0":1},"b":{},"_coverageSchema":"1a1c01bbd47fc00a2c39e90264f33305004495a9","hash":"2d8da29833e3628676a1ebd73891b34e0c6fb3f9"}
,"C:\\Users\\luisp\\Desktop\\Testes AutMe\\Integration Tests\\Database\\calls\\database_call_users.js": {"path":"C:\\Users\\luisp\\Desktop\\Testes AutMe\\Integration Tests\\Database\\calls\\database_call_users.js","statementMap":{"0":{"start":{"line":1,"column":11},"end":{"line":1,"column":31}},"1":{"start":{"line":2,"column":13},"end":{"line":2,"column":20}},"2":{"start":{"line":5,"column":0},"end":{"line":16,"column":2}},"3":{"start":{"line":6,"column":2},"end":{"line":15,"column":3}},"4":{"start":{"line":7,"column":21},"end":{"line":11,"column":6}},"5":{"start":{"line":12,"column":4},"end":{"line":12,"column":20}},"6":{"start":{"line":14,"column":4},"end":{"line":14,"column":25}}},"fnMap":{"0":{"name":"(anonymous_0)","decl":{"start":{"line":5,"column":30},"end":{"line":5,"column":31}},"loc":{"start":{"line":5,"column":48},"end":{"line":16,"column":1}},"line":5}},"branchMap":{},"s":{"0":1,"1":1,"2":1,"3":1,"4":1,"5":1,"6":0},"f":{"0":1},"b":{},"_coverageSchema":"1a1c01bbd47fc00a2c39e90264f33305004495a9","hash":"93b2a8975ddc0d85a5778777dcade1cc9c5ffe7d"}
,"C:\\Users\\luisp\\Desktop\\Testes AutMe\\Integration Tests\\Database\\config\\db.config.js": {"path":"C:\\Users\\luisp\\Desktop\\Testes AutMe\\Integration Tests\\Database\\config\\db.config.js","statementMap":{"0":{"start":{"line":1,"column":0},"end":{"line":1,"column":27}},"1":{"start":{"line":3,"column":15},"end":{"line":19,"column":1}},"2":{"start":{"line":21,"column":0},"end":{"line":21,"column":24}}},"fnMap":{},"branchMap":{},"s":{"0":3,"1":3,"2":3},"f":{},"b":{},"_coverageSchema":"1a1c01bbd47fc00a2c39e90264f33305004495a9","hash":"d5c6ed7661bd0ba0b399b8e441b073f10e2cfc26"}
,"C:\\Users\\luisp\\Desktop\\Testes AutMe\\Integration Tests\\Database\\models\\diaries.model.js": {"path":"C:\\Users\\luisp\\Desktop\\Testes AutMe\\Integration Tests\\Database\\models\\diaries.model.js","statementMap":{"0":{"start":{"line":1,"column":0},"end":{"line":46,"column":2}},"1":{"start":{"line":2,"column":18},"end":{"line":44,"column":5}},"2":{"start":{"line":45,"column":4},"end":{"line":45,"column":17}}},"fnMap":{"0":{"name":"(anonymous_0)","decl":{"start":{"line":1,"column":17},"end":{"line":1,"column":18}},"loc":{"start":{"line":1,"column":43},"end":{"line":46,"column":1}},"line":1}},"branchMap":{},"s":{"0":3,"1":3,"2":3},"f":{"0":3},"b":{},"_coverageSchema":"1a1c01bbd47fc00a2c39e90264f33305004495a9","hash":"2ee7a448289591b40bd3bc1e943aea06c5a91f0d"}
,"C:\\Users\\luisp\\Desktop\\Testes AutMe\\Integration Tests\\Database\\models\\images.model.js": {"path":"C:\\Users\\luisp\\Desktop\\Testes AutMe\\Integration Tests\\Database\\models\\images.model.js","statementMap":{"0":{"start":{"line":1,"column":0},"end":{"line":57,"column":2}},"1":{"start":{"line":2,"column":18},"end":{"line":55,"column":5}},"2":{"start":{"line":56,"column":4},"end":{"line":56,"column":17}}},"fnMap":{"0":{"name":"(anonymous_0)","decl":{"start":{"line":1,"column":17},"end":{"line":1,"column":18}},"loc":{"start":{"line":1,"column":43},"end":{"line":57,"column":1}},"line":1}},"branchMap":{},"s":{"0":3,"1":3,"2":3},"f":{"0":3},"b":{},"_coverageSchema":"1a1c01bbd47fc00a2c39e90264f33305004495a9","hash":"c6384962f6821b71d5c42a09fb14d24527ab5cdf"}
,"C:\\Users\\luisp\\Desktop\\Testes AutMe\\Integration Tests\\Database\\models\\index.js": {"path":"C:\\Users\\luisp\\Desktop\\Testes AutMe\\Integration Tests\\Database\\models\\index.js","statementMap":{"0":{"start":{"line":1,"column":17},"end":{"line":1,"column":50}},"1":{"start":{"line":2,"column":33},"end":{"line":2,"column":53}},"2":{"start":{"line":4,"column":18},"end":{"line":13,"column":2}},"3":{"start":{"line":23,"column":0},"end":{"line":30,"column":5}},"4":{"start":{"line":24,"column":2},"end":{"line":29,"column":3}},"5":{"start":{"line":25,"column":4},"end":{"line":25,"column":33}},"6":{"start":{"line":26,"column":4},"end":{"line":26,"column":65}},"7":{"start":{"line":28,"column":4},"end":{"line":28,"column":61}},"8":{"start":{"line":32,"column":11},"end":{"line":32,"column":13}},"9":{"start":{"line":33,"column":0},"end":{"line":33,"column":25}},"10":{"start":{"line":35,"column":0},"end":{"line":35,"column":60}},"11":{"start":{"line":36,"column":0},"end":{"line":36,"column":62}},"12":{"start":{"line":37,"column":0},"end":{"line":37,"column":63}},"13":{"start":{"line":40,"column":0},"end":{"line":47,"column":5}},"14":{"start":{"line":41,"column":2},"end":{"line":46,"column":3}},"15":{"start":{"line":42,"column":4},"end":{"line":42,"column":27}},"16":{"start":{"line":45,"column":4},"end":{"line":45,"column":19}},"17":{"start":{"line":49,"column":0},"end":{"line":49,"column":20}}},"fnMap":{"0":{"name":"(anonymous_0)","decl":{"start":{"line":23,"column":1},"end":{"line":23,"column":2}},"loc":{"start":{"line":23,"column":13},"end":{"line":30,"column":1}},"line":23},"1":{"name":"(anonymous_1)","decl":{"start":{"line":40,"column":1},"end":{"line":40,"column":2}},"loc":{"start":{"line":40,"column":13},"end":{"line":47,"column":1}},"line":40}},"branchMap":{},"s":{"0":3,"1":3,"2":3,"3":3,"4":3,"5":3,"6":3,"7":0,"8":3,"9":3,"10":3,"11":3,"12":3,"13":3,"14":3,"15":3,"16":0,"17":3},"f":{"0":3,"1":3},"b":{},"_coverageSchema":"1a1c01bbd47fc00a2c39e90264f33305004495a9","hash":"85fe5813dfe031e5065c77904b0a08b14885a6ed"}
,"C:\\Users\\luisp\\Desktop\\Testes AutMe\\Integration Tests\\Database\\models\\users.model.js": {"path":"C:\\Users\\luisp\\Desktop\\Testes AutMe\\Integration Tests\\Database\\models\\users.model.js","statementMap":{"0":{"start":{"line":1,"column":0},"end":{"line":74,"column":2}},"1":{"start":{"line":2,"column":15},"end":{"line":72,"column":3}},"2":{"start":{"line":73,"column":2},"end":{"line":73,"column":14}}},"fnMap":{"0":{"name":"(anonymous_0)","decl":{"start":{"line":1,"column":17},"end":{"line":1,"column":18}},"loc":{"start":{"line":1,"column":43},"end":{"line":74,"column":1}},"line":1}},"branchMap":{},"s":{"0":3,"1":3,"2":3},"f":{"0":3},"b":{},"_coverageSchema":"1a1c01bbd47fc00a2c39e90264f33305004495a9","hash":"07592604806a0f6636f30aef16f86ea3f3e202aa"}
}
