<?xml version="1.0" encoding="UTF-8"?>
<coverage generated="1654877714920" clover="3.2.0">
  <project timestamp="1654877714920" name="All files">
    <metrics statements="51" coveredstatements="46" conditionals="0" coveredconditionals="0" methods="8" coveredmethods="8" elements="59" coveredelements="54" complexity="0" loc="51" ncloc="51" packages="3" files="8" classes="8"/>
    <package name="calls">
      <metrics statements="21" coveredstatements="18" conditionals="0" coveredconditionals="0" methods="3" coveredmethods="3"/>
      <file name="diaries.js" path="C:\Users\pedri\OneDrive\Ambiente de Trabalho\IntegrationAutMe\calls\diaries.js">
        <metrics statements="7" coveredstatements="6" conditionals="0" coveredconditionals="0" methods="1" coveredmethods="1"/>
        <line num="1" count="1" type="stmt"/>
        <line num="2" count="1" type="stmt"/>
        <line num="5" count="1" type="stmt"/>
        <line num="6" count="1" type="stmt"/>
        <line num="7" count="1" type="stmt"/>
        <line num="8" count="1" type="stmt"/>
        <line num="10" count="0" type="stmt"/>
      </file>
      <file name="images.js" path="C:\Users\pedri\OneDrive\Ambiente de Trabalho\IntegrationAutMe\calls\images.js">
        <metrics statements="7" coveredstatements="6" conditionals="0" coveredconditionals="0" methods="1" coveredmethods="1"/>
        <line num="1" count="1" type="stmt"/>
        <line num="2" count="1" type="stmt"/>
        <line num="5" count="1" type="stmt"/>
        <line num="6" count="1" type="stmt"/>
        <line num="7" count="1" type="stmt"/>
        <line num="8" count="1" type="stmt"/>
        <line num="10" count="0" type="stmt"/>
      </file>
      <file name="users.js" path="C:\Users\pedri\OneDrive\Ambiente de Trabalho\IntegrationAutMe\calls\users.js">
        <metrics statements="7" coveredstatements="6" conditionals="0" coveredconditionals="0" methods="1" coveredmethods="1"/>
        <line num="1" count="1" type="stmt"/>
        <line num="2" count="1" type="stmt"/>
        <line num="5" count="1" type="stmt"/>
        <line num="6" count="1" type="stmt"/>
        <line num="7" count="1" type="stmt"/>
        <line num="12" count="1" type="stmt"/>
        <line num="14" count="0" type="stmt"/>
      </file>
    </package>
    <package name="config">
      <metrics statements="3" coveredstatements="3" conditionals="0" coveredconditionals="0" methods="0" coveredmethods="0"/>
      <file name="db.config.js" path="C:\Users\pedri\OneDrive\Ambiente de Trabalho\IntegrationAutMe\config\db.config.js">
        <metrics statements="3" coveredstatements="3" conditionals="0" coveredconditionals="0" methods="0" coveredmethods="0"/>
        <line num="1" count="3" type="stmt"/>
        <line num="3" count="3" type="stmt"/>
        <line num="21" count="3" type="stmt"/>
      </file>
    </package>
    <package name="models">
      <metrics statements="27" coveredstatements="25" conditionals="0" coveredconditionals="0" methods="5" coveredmethods="5"/>
      <file name="diaries.model.js" path="C:\Users\pedri\OneDrive\Ambiente de Trabalho\IntegrationAutMe\models\diaries.model.js">
        <metrics statements="3" coveredstatements="3" conditionals="0" coveredconditionals="0" methods="1" coveredmethods="1"/>
        <line num="1" count="3" type="stmt"/>
        <line num="2" count="3" type="stmt"/>
        <line num="45" count="3" type="stmt"/>
      </file>
      <file name="images.model.js" path="C:\Users\pedri\OneDrive\Ambiente de Trabalho\IntegrationAutMe\models\images.model.js">
        <metrics statements="3" coveredstatements="3" conditionals="0" coveredconditionals="0" methods="1" coveredmethods="1"/>
        <line num="1" count="3" type="stmt"/>
        <line num="2" count="3" type="stmt"/>
        <line num="56" count="3" type="stmt"/>
      </file>
      <file name="index.js" path="C:\Users\pedri\OneDrive\Ambiente de Trabalho\IntegrationAutMe\models\index.js">
        <metrics statements="18" coveredstatements="16" conditionals="0" coveredconditionals="0" methods="2" coveredmethods="2"/>
        <line num="1" count="3" type="stmt"/>
        <line num="2" count="3" type="stmt"/>
        <line num="4" count="3" type="stmt"/>
        <line num="23" count="3" type="stmt"/>
        <line num="24" count="3" type="stmt"/>
        <line num="25" count="3" type="stmt"/>
        <line num="26" count="3" type="stmt"/>
        <line num="28" count="0" type="stmt"/>
        <line num="32" count="3" type="stmt"/>
        <line num="33" count="3" type="stmt"/>
        <line num="35" count="3" type="stmt"/>
        <line num="36" count="3" type="stmt"/>
        <line num="37" count="3" type="stmt"/>
        <line num="40" count="3" type="stmt"/>
        <line num="41" count="3" type="stmt"/>
        <line num="42" count="3" type="stmt"/>
        <line num="45" count="0" type="stmt"/>
        <line num="49" count="3" type="stmt"/>
      </file>
      <file name="users.model.js" path="C:\Users\pedri\OneDrive\Ambiente de Trabalho\IntegrationAutMe\models\users.model.js">
        <metrics statements="3" coveredstatements="3" conditionals="0" coveredconditionals="0" methods="1" coveredmethods="1"/>
        <line num="1" count="3" type="stmt"/>
        <line num="2" count="3" type="stmt"/>
        <line num="61" count="3" type="stmt"/>
      </file>
    </package>
  </project>
</coverage>
