{"C:\\Users\\pedri\\OneDrive\\Ambiente de Trabalho\\IntegrationAutMe\\calls\\diaries.js": {"path":"C:\\Users\\pedri\\OneDrive\\Ambiente de Trabalho\\IntegrationAutMe\\calls\\diaries.js","statementMap":{"0":{"start":{"line":1,"column":11},"end":{"line":1,"column":31}},"1":{"start":{"line":2,"column":14},"end":{"line":2,"column":22}},"2":{"start":{"line":5,"column":0},"end":{"line":12,"column":2}},"3":{"start":{"line":6,"column":4},"end":{"line":11,"column":5}},"4":{"start":{"line":7,"column":25},"end":{"line":7,"column":46}},"5":{"start":{"line":8,"column":8},"end":{"line":8,"column":24}},"6":{"start":{"line":10,"column":8},"end":{"line":10,"column":29}}},"fnMap":{"0":{"name":"(anonymous_0)","decl":{"start":{"line":5,"column":24},"end":{"line":5,"column":25}},"loc":{"start":{"line":5,"column":42},"end":{"line":12,"column":1}},"line":5}},"branchMap":{},"s":{"0":1,"1":1,"2":1,"3":1,"4":1,"5":1,"6":0},"f":{"0":1},"b":{},"_coverageSchema":"1a1c01bbd47fc00a2c39e90264f33305004495a9","hash":"80f2d1ef36afc65cfe6926358b1a504b45c66c9d"}
,"C:\\Users\\pedri\\OneDrive\\Ambiente de Trabalho\\IntegrationAutMe\\calls\\images.js": {"path":"C:\\Users\\pedri\\OneDrive\\Ambiente de Trabalho\\IntegrationAutMe\\calls\\images.js","statementMap":{"0":{"start":{"line":1,"column":11},"end":{"line":1,"column":31}},"1":{"start":{"line":2,"column":14},"end":{"line":2,"column":22}},"2":{"start":{"line":5,"column":0},"end":{"line":12,"column":2}},"3":{"start":{"line":6,"column":4},"end":{"line":11,"column":5}},"4":{"start":{"line":7,"column":25},"end":{"line":7,"column":46}},"5":{"start":{"line":8,"column":8},"end":{"line":8,"column":24}},"6":{"start":{"line":10,"column":8},"end":{"line":10,"column":29}}},"fnMap":{"0":{"name":"(anonymous_0)","decl":{"start":{"line":5,"column":23},"end":{"line":5,"column":24}},"loc":{"start":{"line":5,"column":41},"end":{"line":12,"column":1}},"line":5}},"branchMap":{},"s":{"0":1,"1":1,"2":1,"3":1,"4":1,"5":1,"6":0},"f":{"0":1},"b":{},"_coverageSchema":"1a1c01bbd47fc00a2c39e90264f33305004495a9","hash":"f1b6f7e752fd7f9557c713fc19fa2e1722e372f3"}
,"C:\\Users\\pedri\\OneDrive\\Ambiente de Trabalho\\IntegrationAutMe\\calls\\users.js": {"path":"C:\\Users\\pedri\\OneDrive\\Ambiente de Trabalho\\IntegrationAutMe\\calls\\users.js","statementMap":{"0":{"start":{"line":1,"column":11},"end":{"line":1,"column":31}},"1":{"start":{"line":2,"column":13},"end":{"line":2,"column":20}},"2":{"start":{"line":5,"column":0},"end":{"line":16,"column":2}},"3":{"start":{"line":6,"column":2},"end":{"line":15,"column":3}},"4":{"start":{"line":7,"column":21},"end":{"line":11,"column":6}},"5":{"start":{"line":12,"column":4},"end":{"line":12,"column":20}},"6":{"start":{"line":14,"column":4},"end":{"line":14,"column":25}}},"fnMap":{"0":{"name":"(anonymous_0)","decl":{"start":{"line":5,"column":31},"end":{"line":5,"column":32}},"loc":{"start":{"line":5,"column":49},"end":{"line":16,"column":1}},"line":5}},"branchMap":{},"s":{"0":1,"1":1,"2":1,"3":1,"4":1,"5":1,"6":0},"f":{"0":1},"b":{},"_coverageSchema":"1a1c01bbd47fc00a2c39e90264f33305004495a9","hash":"e17ca1a82123a942fa80084b53c2ba14998ef5f7"}
,"C:\\Users\\pedri\\OneDrive\\Ambiente de Trabalho\\IntegrationAutMe\\config\\db.config.js": {"path":"C:\\Users\\pedri\\OneDrive\\Ambiente de Trabalho\\IntegrationAutMe\\config\\db.config.js","statementMap":{"0":{"start":{"line":1,"column":0},"end":{"line":1,"column":27}},"1":{"start":{"line":3,"column":15},"end":{"line":19,"column":1}},"2":{"start":{"line":21,"column":0},"end":{"line":21,"column":24}}},"fnMap":{},"branchMap":{},"s":{"0":3,"1":3,"2":3},"f":{},"b":{},"_coverageSchema":"1a1c01bbd47fc00a2c39e90264f33305004495a9","hash":"cfd1b2124245b12b32948e05e0154d1634b58075"}
,"C:\\Users\\pedri\\OneDrive\\Ambiente de Trabalho\\IntegrationAutMe\\models\\diaries.model.js": {"path":"C:\\Users\\pedri\\OneDrive\\Ambiente de Trabalho\\IntegrationAutMe\\models\\diaries.model.js","statementMap":{"0":{"start":{"line":1,"column":0},"end":{"line":46,"column":2}},"1":{"start":{"line":2,"column":18},"end":{"line":44,"column":5}},"2":{"start":{"line":45,"column":4},"end":{"line":45,"column":17}}},"fnMap":{"0":{"name":"(anonymous_0)","decl":{"start":{"line":1,"column":17},"end":{"line":1,"column":18}},"loc":{"start":{"line":1,"column":43},"end":{"line":46,"column":1}},"line":1}},"branchMap":{},"s":{"0":3,"1":3,"2":3},"f":{"0":3},"b":{},"_coverageSchema":"1a1c01bbd47fc00a2c39e90264f33305004495a9","hash":"205fa4635fe8cf1278813ca0b7e3d35c35c6c885"}
,"C:\\Users\\pedri\\OneDrive\\Ambiente de Trabalho\\IntegrationAutMe\\models\\images.model.js": {"path":"C:\\Users\\pedri\\OneDrive\\Ambiente de Trabalho\\IntegrationAutMe\\models\\images.model.js","statementMap":{"0":{"start":{"line":1,"column":0},"end":{"line":57,"column":2}},"1":{"start":{"line":2,"column":18},"end":{"line":55,"column":5}},"2":{"start":{"line":56,"column":4},"end":{"line":56,"column":17}}},"fnMap":{"0":{"name":"(anonymous_0)","decl":{"start":{"line":1,"column":17},"end":{"line":1,"column":18}},"loc":{"start":{"line":1,"column":43},"end":{"line":57,"column":1}},"line":1}},"branchMap":{},"s":{"0":3,"1":3,"2":3},"f":{"0":3},"b":{},"_coverageSchema":"1a1c01bbd47fc00a2c39e90264f33305004495a9","hash":"fdb8c4b0578375bd71fa4a67d6ac79199c577d40"}
,"C:\\Users\\pedri\\OneDrive\\Ambiente de Trabalho\\IntegrationAutMe\\models\\index.js": {"path":"C:\\Users\\pedri\\OneDrive\\Ambiente de Trabalho\\IntegrationAutMe\\models\\index.js","statementMap":{"0":{"start":{"line":1,"column":17},"end":{"line":1,"column":50}},"1":{"start":{"line":2,"column":33},"end":{"line":2,"column":53}},"2":{"start":{"line":4,"column":18},"end":{"line":13,"column":2}},"3":{"start":{"line":23,"column":0},"end":{"line":30,"column":5}},"4":{"start":{"line":24,"column":2},"end":{"line":29,"column":3}},"5":{"start":{"line":25,"column":4},"end":{"line":25,"column":33}},"6":{"start":{"line":26,"column":4},"end":{"line":26,"column":65}},"7":{"start":{"line":28,"column":4},"end":{"line":28,"column":61}},"8":{"start":{"line":32,"column":11},"end":{"line":32,"column":13}},"9":{"start":{"line":33,"column":0},"end":{"line":33,"column":25}},"10":{"start":{"line":35,"column":0},"end":{"line":35,"column":60}},"11":{"start":{"line":36,"column":0},"end":{"line":36,"column":62}},"12":{"start":{"line":37,"column":0},"end":{"line":37,"column":63}},"13":{"start":{"line":40,"column":0},"end":{"line":47,"column":5}},"14":{"start":{"line":41,"column":2},"end":{"line":46,"column":3}},"15":{"start":{"line":42,"column":4},"end":{"line":42,"column":27}},"16":{"start":{"line":45,"column":4},"end":{"line":45,"column":19}},"17":{"start":{"line":49,"column":0},"end":{"line":49,"column":20}}},"fnMap":{"0":{"name":"(anonymous_0)","decl":{"start":{"line":23,"column":1},"end":{"line":23,"column":2}},"loc":{"start":{"line":23,"column":13},"end":{"line":30,"column":1}},"line":23},"1":{"name":"(anonymous_1)","decl":{"start":{"line":40,"column":1},"end":{"line":40,"column":2}},"loc":{"start":{"line":40,"column":13},"end":{"line":47,"column":1}},"line":40}},"branchMap":{},"s":{"0":3,"1":3,"2":3,"3":3,"4":3,"5":3,"6":3,"7":0,"8":3,"9":3,"10":3,"11":3,"12":3,"13":3,"14":3,"15":3,"16":0,"17":3},"f":{"0":3,"1":3},"b":{},"_coverageSchema":"1a1c01bbd47fc00a2c39e90264f33305004495a9","hash":"c4dd67962c1162dd00141d5d9d4041c96028b191"}
,"C:\\Users\\pedri\\OneDrive\\Ambiente de Trabalho\\IntegrationAutMe\\models\\users.model.js": {"path":"C:\\Users\\pedri\\OneDrive\\Ambiente de Trabalho\\IntegrationAutMe\\models\\users.model.js","statementMap":{"0":{"start":{"line":1,"column":0},"end":{"line":62,"column":2}},"1":{"start":{"line":2,"column":15},"end":{"line":60,"column":3}},"2":{"start":{"line":61,"column":2},"end":{"line":61,"column":14}}},"fnMap":{"0":{"name":"(anonymous_0)","decl":{"start":{"line":1,"column":17},"end":{"line":1,"column":18}},"loc":{"start":{"line":1,"column":43},"end":{"line":62,"column":1}},"line":1}},"branchMap":{},"s":{"0":3,"1":3,"2":3},"f":{"0":3},"b":{},"_coverageSchema":"1a1c01bbd47fc00a2c39e90264f33305004495a9","hash":"5df732681ad73714cd0fba2b6b1e97f7cad1ae70"}
}
